d:\2016 2학기\컴퓨터 그래픽스\기말텀프\기말\기말\debug\기말.pch
d:\2016 2학기\컴퓨터 그래픽스\기말텀프\기말\기말\debug\vc140.pdb
d:\2016 2학기\컴퓨터 그래픽스\기말텀프\기말\기말\debug\vc140.idb
d:\2016 2학기\컴퓨터 그래픽스\기말텀프\기말\기말\debug\stdafx.obj
d:\2016 2학기\컴퓨터 그래픽스\기말텀프\기말\기말\debug\earth.obj
d:\2016 2학기\컴퓨터 그래픽스\기말텀프\기말\기말\debug\loadbitmap.obj
d:\2016 2학기\컴퓨터 그래픽스\기말텀프\기말\기말\debug\meteor.obj
d:\2016 2학기\컴퓨터 그래픽스\기말텀프\기말\기말\debug\satellite.obj
d:\2016 2학기\컴퓨터 그래픽스\기말텀프\기말\기말\debug\sound.obj
d:\2016 2학기\컴퓨터 그래픽스\기말텀프\기말\기말\debug\space.obj
d:\2016 2학기\컴퓨터 그래픽스\기말텀프\기말\기말\debug\spaceship.obj
d:\2016 2학기\컴퓨터 그래픽스\기말텀프\기말\기말\debug\logo.obj
d:\2016 2학기\컴퓨터 그래픽스\기말텀프\기말\기말\debug\기말.obj
d:\2016 2학기\컴퓨터 그래픽스\기말텀프\기말\기말\debug\shop.obj
d:\2016 2학기\컴퓨터 그래픽스\기말텀프\기말\debug\기말.ilk
d:\2016 2학기\컴퓨터 그래픽스\기말텀프\기말\debug\기말.exe
d:\2016 2학기\컴퓨터 그래픽스\기말텀프\기말\debug\기말.pdb
d:\2016 2학기\컴퓨터 그래픽스\기말텀프\기말\기말\debug\기말.tlog\cl.command.1.tlog
d:\2016 2학기\컴퓨터 그래픽스\기말텀프\기말\기말\debug\기말.tlog\cl.read.1.tlog
d:\2016 2학기\컴퓨터 그래픽스\기말텀프\기말\기말\debug\기말.tlog\cl.write.1.tlog
d:\2016 2학기\컴퓨터 그래픽스\기말텀프\기말\기말\debug\기말.tlog\link.command.1.tlog
d:\2016 2학기\컴퓨터 그래픽스\기말텀프\기말\기말\debug\기말.tlog\link.read.1.tlog
d:\2016 2학기\컴퓨터 그래픽스\기말텀프\기말\기말\debug\기말.tlog\link.write.1.tlog
d:\2016 2학기\컴퓨터 그래픽스\기말텀프\기말\기말\debug\기말.tlog\rc.command.1.tlog
d:\2016 2학기\컴퓨터 그래픽스\기말텀프\기말\기말\debug\기말.tlog\rc.read.1.tlog
d:\2016 2학기\컴퓨터 그래픽스\기말텀프\기말\기말\debug\기말.tlog\rc.write.1.tlog
